{"level":"info","msg":"Uploading once","time":"2023-10-02T21:25:56Z"}
{"level":"info","msg":"awaiting final sync","time":"2023-10-02T21:25:56Z"}
{"level":"info","msg":"received SIGINT, starting final sync","time":"2023-10-02T21:26:25Z"}
{"level":"info","msg":"starting final sync","time":"2023-10-02T21:26:25Z"}
{"level":"info","msg":"queued file for upload","path":"/ces/scheduler/run/b7c1fece-59e9-44c4-b607-d39afab762ba/data/.ica/user/auxiliary-output.log","time":"2023-10-02T21:26:25Z"}
{"file":"/ces/scheduler/run/b7c1fece-59e9-44c4-b607-d39afab762ba/data/.ica/user/auxiliary-output.log","level":"info","msg":"uploading file from queue","time":"2023-10-02T21:26:25Z"}
{"level":"info","msg":"upload attempt: #0","time":"2023-10-02T21:26:25Z"}
{"file":"/ces/scheduler/run/b7c1fece-59e9-44c4-b607-d39afab762ba/data/.ica/user/auxiliary-output.log","level":"info","msg":"started uploading file","time":"2023-10-02T21:26:25Z"}
{"level":"info","msg":"queued file for upload","path":"/ces/scheduler/run/b7c1fece-59e9-44c4-b607-d39afab762ba/data/.ica/user/bpe1-b7c1fece-59e9-44c4-b607-d39afab762ba-1pre/0/stderr.8kq69.log","time":"2023-10-02T21:26:25Z"}
{"level":"info","msg":"queued file for upload","path":"/ces/scheduler/run/b7c1fece-59e9-44c4-b607-d39afab762ba/data/.ica/user/bpe1-b7c1fece-59e9-44c4-b607-d39afab762ba-1pre/0/stdout.8kq69.log","time":"2023-10-02T21:26:25Z"}
{"file":"/ces/scheduler/run/b7c1fece-59e9-44c4-b607-d39afab762ba/data/.ica/user/bpe1-b7c1fece-59e9-44c4-b607-d39afab762ba-1pre/0/stderr.8kq69.log","level":"info","msg":"uploading file from queue","time":"2023-10-02T21:26:25Z"}
{"file":"/ces/scheduler/run/b7c1fece-59e9-44c4-b607-d39afab762ba/data/.ica/user/bpe1-b7c1fece-59e9-44c4-b607-d39afab762ba-1pre/0/stdout.8kq69.log","level":"info","msg":"uploading file from queue","time":"2023-10-02T21:26:25Z"}
{"level":"info","msg":"upload attempt: #0","time":"2023-10-02T21:26:25Z"}
{"file":"/ces/scheduler/run/b7c1fece-59e9-44c4-b607-d39afab762ba/data/.ica/user/bpe1-b7c1fece-59e9-44c4-b607-d39afab762ba-1pre/0/stdout.8kq69.log","level":"info","msg":"started uploading file","time":"2023-10-02T21:26:25Z"}
{"level":"info","msg":"upload attempt: #0","time":"2023-10-02T21:26:25Z"}
{"file":"/ces/scheduler/run/b7c1fece-59e9-44c4-b607-d39afab762ba/data/.ica/user/bpe1-b7c1fece-59e9-44c4-b607-d39afab762ba-1pre/0/stderr.8kq69.log","level":"info","msg":"started uploading file","time":"2023-10-02T21:26:25Z"}
{"level":"info","msg":"queued file for upload","path":"/ces/scheduler/run/b7c1fece-59e9-44c4-b607-d39afab762ba/data/.ica/user/bpe1-b7c1fece-59e9-44c4-b607-d39afab762ba-1pre/1/stderr.8kq69.log","time":"2023-10-02T21:26:25Z"}
{"level":"info","msg":"queued file for upload","path":"/ces/scheduler/run/b7c1fece-59e9-44c4-b607-d39afab762ba/data/.ica/user/bpe1-b7c1fece-59e9-44c4-b607-d39afab762ba-1pre/1/stdout.8kq69.log","time":"2023-10-02T21:26:25Z"}
{"level":"info","msg":"queued file for upload","path":"/ces/scheduler/run/b7c1fece-59e9-44c4-b607-d39afab762ba/data/.ica/user/bpe1-b7c1fece-59e9-44c4-b607-d39afab762ba-1pre/2/stderr.8kq69.log","time":"2023-10-02T21:26:25Z"}
{"level":"info","msg":"queued file for upload","path":"/ces/scheduler/run/b7c1fece-59e9-44c4-b607-d39afab762ba/data/.ica/user/bpe1-b7c1fece-59e9-44c4-b607-d39afab762ba-1pre/2/stdout.8kq69.log","time":"2023-10-02T21:26:25Z"}
{"file":"/ces/scheduler/run/b7c1fece-59e9-44c4-b607-d39afab762ba/data/.ica/user/bpe1-b7c1fece-59e9-44c4-b607-d39afab762ba-1pre/1/stderr.8kq69.log","level":"info","msg":"uploading file from queue","time":"2023-10-02T21:26:25Z"}
{"level":"info","msg":"upload attempt: #0","time":"2023-10-02T21:26:25Z"}
{"file":"/ces/scheduler/run/b7c1fece-59e9-44c4-b607-d39afab762ba/data/.ica/user/bpe1-b7c1fece-59e9-44c4-b607-d39afab762ba-1pre/1/stderr.8kq69.log","level":"info","msg":"started uploading file","time":"2023-10-02T21:26:25Z"}
{"level":"info","msg":"queued file for upload","path":"/ces/scheduler/run/b7c1fece-59e9-44c4-b607-d39afab762ba/data/.ica/user/bpe1-b7c1fece-59e9-44c4-b607-d39afab762ba-1pre/3/stderr.8kq69.log","time":"2023-10-02T21:26:25Z"}
{"level":"info","msg":"queued file for upload","path":"/ces/scheduler/run/b7c1fece-59e9-44c4-b607-d39afab762ba/data/.ica/user/bpe1-b7c1fece-59e9-44c4-b607-d39afab762ba-1pre/3/stdout.8kq69.log","time":"2023-10-02T21:26:25Z"}
{"file":"/ces/scheduler/run/b7c1fece-59e9-44c4-b607-d39afab762ba/data/.ica/user/bpe1-b7c1fece-59e9-44c4-b607-d39afab762ba-1pre/1/stdout.8kq69.log","level":"info","msg":"uploading file from queue","time":"2023-10-02T21:26:25Z"}
{"level":"info","msg":"upload attempt: #0","time":"2023-10-02T21:26:25Z"}
{"file":"/ces/scheduler/run/b7c1fece-59e9-44c4-b607-d39afab762ba/data/.ica/user/bpe1-b7c1fece-59e9-44c4-b607-d39afab762ba-1pre/1/stdout.8kq69.log","level":"info","msg":"started uploading file","time":"2023-10-02T21:26:25Z"}
{"level":"info","msg":"queued file for upload","path":"/ces/scheduler/run/b7c1fece-59e9-44c4-b607-d39afab762ba/data/.ica/user/bpe1-b7c1fece-59e9-44c4-b607-d39afab762ba-2uwf/0/stderr.cwxkw.log","time":"2023-10-02T21:26:25Z"}
{"level":"info","msg":"queued file for upload","path":"/ces/scheduler/run/b7c1fece-59e9-44c4-b607-d39afab762ba/data/.ica/user/bpe1-b7c1fece-59e9-44c4-b607-d39afab762ba-2uwf/0/stdout.cwxkw.log","time":"2023-10-02T21:26:25Z"}
{"file":"/ces/scheduler/run/b7c1fece-59e9-44c4-b607-d39afab762ba/data/.ica/user/bpe1-b7c1fece-59e9-44c4-b607-d39afab762ba-2uwf/0/stderr.cwxkw.log","level":"info","msg":"uploading file from queue","time":"2023-10-02T21:26:25Z"}
{"level":"info","msg":"upload attempt: #0","time":"2023-10-02T21:26:25Z"}
{"file":"/ces/scheduler/run/b7c1fece-59e9-44c4-b607-d39afab762ba/data/.ica/user/bpe1-b7c1fece-59e9-44c4-b607-d39afab762ba-2uwf/0/stderr.cwxkw.log","level":"info","msg":"started uploading file","time":"2023-10-02T21:26:25Z"}
{"file":"/ces/scheduler/run/b7c1fece-59e9-44c4-b607-d39afab762ba/data/.ica/user/bpe1-b7c1fece-59e9-44c4-b607-d39afab762ba-1pre/3/stderr.8kq69.log","level":"info","msg":"uploading file from queue","time":"2023-10-02T21:26:25Z"}
{"level":"info","msg":"upload attempt: #0","time":"2023-10-02T21:26:25Z"}
{"file":"/ces/scheduler/run/b7c1fece-59e9-44c4-b607-d39afab762ba/data/.ica/user/bpe1-b7c1fece-59e9-44c4-b607-d39afab762ba-1pre/3/stderr.8kq69.log","level":"info","msg":"started uploading file","time":"2023-10-02T21:26:25Z"}
{"file":"/ces/scheduler/run/b7c1fece-59e9-44c4-b607-d39afab762ba/data/.ica/user/bpe1-b7c1fece-59e9-44c4-b607-d39afab762ba-1pre/2/stderr.8kq69.log","level":"info","msg":"uploading file from queue","time":"2023-10-02T21:26:25Z"}
{"level":"info","msg":"upload attempt: #0","time":"2023-10-02T21:26:25Z"}
{"file":"/ces/scheduler/run/b7c1fece-59e9-44c4-b607-d39afab762ba/data/.ica/user/bpe1-b7c1fece-59e9-44c4-b607-d39afab762ba-1pre/2/stderr.8kq69.log","level":"info","msg":"started uploading file","time":"2023-10-02T21:26:25Z"}
{"file":"/ces/scheduler/run/b7c1fece-59e9-44c4-b607-d39afab762ba/data/.ica/user/bpe1-b7c1fece-59e9-44c4-b607-d39afab762ba-1pre/2/stdout.8kq69.log","level":"info","msg":"uploading file from queue","time":"2023-10-02T21:26:25Z"}
{"level":"info","msg":"upload attempt: #0","time":"2023-10-02T21:26:25Z"}
{"file":"/ces/scheduler/run/b7c1fece-59e9-44c4-b607-d39afab762ba/data/.ica/user/bpe1-b7c1fece-59e9-44c4-b607-d39afab762ba-1pre/2/stdout.8kq69.log","level":"info","msg":"started uploading file","time":"2023-10-02T21:26:25Z"}
{"file":"/ces/scheduler/run/b7c1fece-59e9-44c4-b607-d39afab762ba/data/.ica/user/bpe1-b7c1fece-59e9-44c4-b607-d39afab762ba-1pre/3/stdout.8kq69.log","level":"info","msg":"uploading file from queue","time":"2023-10-02T21:26:25Z"}
{"level":"info","msg":"upload attempt: #0","time":"2023-10-02T21:26:25Z"}
{"file":"/ces/scheduler/run/b7c1fece-59e9-44c4-b607-d39afab762ba/data/.ica/user/bpe1-b7c1fece-59e9-44c4-b607-d39afab762ba-1pre/3/stdout.8kq69.log","level":"info","msg":"started uploading file","time":"2023-10-02T21:26:25Z"}
{"file":"/ces/scheduler/run/b7c1fece-59e9-44c4-b607-d39afab762ba/data/.ica/user/bpe1-b7c1fece-59e9-44c4-b607-d39afab762ba-1pre/2/stderr.8kq69.log","level":"info","msg":"finished uploading file","time":"2023-10-02T21:26:25Z","total_time":740,"upload_to":"/6bd90a4d-878f-43f9-11bc-08da0fe1eeb9/analyses/test_CLI_run_v3_requeue_2023Oct02_18_42_12_677105-DRAGEN_Germline_BIMC_Clone-5c5f2aaf-a36d-4449-86ba-7643271eae7c-logs/bpe1-b7c1fece-59e9-44c4-b607-d39afab762ba-1pre/2/stderr.8kq69.log"}
{"file":"/ces/scheduler/run/b7c1fece-59e9-44c4-b607-d39afab762ba/data/.ica/user/bpe1-b7c1fece-59e9-44c4-b607-d39afab762ba-2uwf/0/stdout.cwxkw.log","level":"info","msg":"uploading file from queue","time":"2023-10-02T21:26:25Z"}
{"level":"info","msg":"upload attempt: #0","time":"2023-10-02T21:26:25Z"}
{"file":"/ces/scheduler/run/b7c1fece-59e9-44c4-b607-d39afab762ba/data/.ica/user/bpe1-b7c1fece-59e9-44c4-b607-d39afab762ba-2uwf/0/stdout.cwxkw.log","level":"info","msg":"started uploading file","time":"2023-10-02T21:26:25Z"}
{"file":"/ces/scheduler/run/b7c1fece-59e9-44c4-b607-d39afab762ba/data/.ica/user/bpe1-b7c1fece-59e9-44c4-b607-d39afab762ba-1pre/1/stderr.8kq69.log","level":"info","msg":"finished uploading file","time":"2023-10-02T21:26:25Z","total_time":729,"upload_to":"/6bd90a4d-878f-43f9-11bc-08da0fe1eeb9/analyses/test_CLI_run_v3_requeue_2023Oct02_18_42_12_677105-DRAGEN_Germline_BIMC_Clone-5c5f2aaf-a36d-4449-86ba-7643271eae7c-logs/bpe1-b7c1fece-59e9-44c4-b607-d39afab762ba-1pre/1/stderr.8kq69.log"}
{"file":"/ces/scheduler/run/b7c1fece-59e9-44c4-b607-d39afab762ba/data/.ica/user/bpe1-b7c1fece-59e9-44c4-b607-d39afab762ba-2uwf/0/stderr.cwxkw.log","level":"info","msg":"finished uploading file","time":"2023-10-02T21:26:25Z","total_time":540,"upload_to":"/6bd90a4d-878f-43f9-11bc-08da0fe1eeb9/analyses/test_CLI_run_v3_requeue_2023Oct02_18_42_12_677105-DRAGEN_Germline_BIMC_Clone-5c5f2aaf-a36d-4449-86ba-7643271eae7c-logs/bpe1-b7c1fece-59e9-44c4-b607-d39afab762ba-2uwf/0/stderr.cwxkw.log"}
{"level":"info","msg":"queued file for upload","path":"/ces/scheduler/run/b7c1fece-59e9-44c4-b607-d39afab762ba/data/.ica/user/bpe1-b7c1fece-59e9-44c4-b607-d39afab762ba-3post/0/stderr.tx8kx.log","time":"2023-10-02T21:26:25Z"}
{"level":"info","msg":"queued file for upload","path":"/ces/scheduler/run/b7c1fece-59e9-44c4-b607-d39afab762ba/data/.ica/user/bpe1-b7c1fece-59e9-44c4-b607-d39afab762ba-3post/0/stdout.tx8kx.log","time":"2023-10-02T21:26:25Z"}
{"file":"/ces/scheduler/run/b7c1fece-59e9-44c4-b607-d39afab762ba/data/.ica/user/bpe1-b7c1fece-59e9-44c4-b607-d39afab762ba-3post/0/stderr.tx8kx.log","level":"info","msg":"uploading file from queue","time":"2023-10-02T21:26:25Z"}
{"level":"info","msg":"upload attempt: #0","time":"2023-10-02T21:26:25Z"}
{"file":"/ces/scheduler/run/b7c1fece-59e9-44c4-b607-d39afab762ba/data/.ica/user/bpe1-b7c1fece-59e9-44c4-b607-d39afab762ba-3post/0/stdout.tx8kx.log","level":"info","msg":"uploading file from queue","time":"2023-10-02T21:26:25Z"}
{"level":"info","msg":"upload attempt: #0","time":"2023-10-02T21:26:25Z"}
{"file":"/ces/scheduler/run/b7c1fece-59e9-44c4-b607-d39afab762ba/data/.ica/user/bpe1-b7c1fece-59e9-44c4-b607-d39afab762ba-3post/0/stdout.tx8kx.log","level":"info","msg":"started uploading file","time":"2023-10-02T21:26:25Z"}
{"file":"/ces/scheduler/run/b7c1fece-59e9-44c4-b607-d39afab762ba/data/.ica/user/bpe1-b7c1fece-59e9-44c4-b607-d39afab762ba-3post/0/stderr.tx8kx.log","level":"info","msg":"started uploading file","time":"2023-10-02T21:26:25Z"}
{"level":"info","msg":"queued file for upload","path":"/ces/scheduler/run/b7c1fece-59e9-44c4-b607-d39afab762ba/data/.ica/user/bpe1-b7c1fece-59e9-44c4-b607-d39afab762ba-3post/1/stderr.tx8kx.log","time":"2023-10-02T21:26:25Z"}
{"file":"/ces/scheduler/run/b7c1fece-59e9-44c4-b607-d39afab762ba/data/.ica/user/bpe1-b7c1fece-59e9-44c4-b607-d39afab762ba-1pre/3/stdout.8kq69.log","level":"info","msg":"finished uploading file","time":"2023-10-02T21:26:25Z","total_time":690,"upload_to":"/6bd90a4d-878f-43f9-11bc-08da0fe1eeb9/analyses/test_CLI_run_v3_requeue_2023Oct02_18_42_12_677105-DRAGEN_Germline_BIMC_Clone-5c5f2aaf-a36d-4449-86ba-7643271eae7c-logs/bpe1-b7c1fece-59e9-44c4-b607-d39afab762ba-1pre/3/stdout.8kq69.log"}
{"file":"/ces/scheduler/run/b7c1fece-59e9-44c4-b607-d39afab762ba/data/.ica/user/bpe1-b7c1fece-59e9-44c4-b607-d39afab762ba-3post/1/stderr.tx8kx.log","level":"info","msg":"uploading file from queue","time":"2023-10-02T21:26:25Z"}
{"level":"info","msg":"upload attempt: #0","time":"2023-10-02T21:26:25Z"}
{"file":"/ces/scheduler/run/b7c1fece-59e9-44c4-b607-d39afab762ba/data/.ica/user/bpe1-b7c1fece-59e9-44c4-b607-d39afab762ba-3post/1/stderr.tx8kx.log","level":"info","msg":"started uploading file","time":"2023-10-02T21:26:25Z"}
{"level":"info","msg":"queued file for upload","path":"/ces/scheduler/run/b7c1fece-59e9-44c4-b607-d39afab762ba/data/.ica/user/bpe1-b7c1fece-59e9-44c4-b607-d39afab762ba-3post/1/stdout.tx8kx.log","time":"2023-10-02T21:26:25Z"}
{"file":"/ces/scheduler/run/b7c1fece-59e9-44c4-b607-d39afab762ba/data/.ica/user/bpe1-b7c1fece-59e9-44c4-b607-d39afab762ba-1pre/3/stderr.8kq69.log","level":"info","msg":"finished uploading file","time":"2023-10-02T21:26:25Z","total_time":611,"upload_to":"/6bd90a4d-878f-43f9-11bc-08da0fe1eeb9/analyses/test_CLI_run_v3_requeue_2023Oct02_18_42_12_677105-DRAGEN_Germline_BIMC_Clone-5c5f2aaf-a36d-4449-86ba-7643271eae7c-logs/bpe1-b7c1fece-59e9-44c4-b607-d39afab762ba-1pre/3/stderr.8kq69.log"}
{"file":"/ces/scheduler/run/b7c1fece-59e9-44c4-b607-d39afab762ba/data/.ica/user/bpe1-b7c1fece-59e9-44c4-b607-d39afab762ba-3post/1/stdout.tx8kx.log","level":"info","msg":"uploading file from queue","time":"2023-10-02T21:26:25Z"}
{"level":"info","msg":"upload attempt: #0","time":"2023-10-02T21:26:25Z"}
{"file":"/ces/scheduler/run/b7c1fece-59e9-44c4-b607-d39afab762ba/data/.ica/user/bpe1-b7c1fece-59e9-44c4-b607-d39afab762ba-3post/1/stdout.tx8kx.log","level":"info","msg":"started uploading file","time":"2023-10-02T21:26:25Z"}
{"file":"/ces/scheduler/run/b7c1fece-59e9-44c4-b607-d39afab762ba/data/.ica/user/bpe1-b7c1fece-59e9-44c4-b607-d39afab762ba-1pre/0/stdout.8kq69.log","level":"info","msg":"finished uploading file","time":"2023-10-02T21:26:25Z","total_time":450,"upload_to":"/6bd90a4d-878f-43f9-11bc-08da0fe1eeb9/analyses/test_CLI_run_v3_requeue_2023Oct02_18_42_12_677105-DRAGEN_Germline_BIMC_Clone-5c5f2aaf-a36d-4449-86ba-7643271eae7c-logs/bpe1-b7c1fece-59e9-44c4-b607-d39afab762ba-1pre/0/stdout.8kq69.log"}
{"level":"info","msg":"queued file for upload","path":"/ces/scheduler/run/b7c1fece-59e9-44c4-b607-d39afab762ba/data/.ica/user/bpe1-b7c1fece-59e9-44c4-b607-d39afab762ba-3post/2/stderr.tx8kx.log","time":"2023-10-02T21:26:25Z"}
{"level":"info","msg":"queued file for upload","path":"/ces/scheduler/run/b7c1fece-59e9-44c4-b607-d39afab762ba/data/.ica/user/bpe1-b7c1fece-59e9-44c4-b607-d39afab762ba-3post/2/stdout.tx8kx.log","time":"2023-10-02T21:26:25Z"}
{"file":"/ces/scheduler/run/b7c1fece-59e9-44c4-b607-d39afab762ba/data/.ica/user/bpe1-b7c1fece-59e9-44c4-b607-d39afab762ba-3post/2/stderr.tx8kx.log","level":"info","msg":"uploading file from queue","time":"2023-10-02T21:26:25Z"}
{"level":"info","msg":"upload attempt: #0","time":"2023-10-02T21:26:25Z"}
{"file":"/ces/scheduler/run/b7c1fece-59e9-44c4-b607-d39afab762ba/data/.ica/user/bpe1-b7c1fece-59e9-44c4-b607-d39afab762ba-3post/2/stderr.tx8kx.log","level":"info","msg":"started uploading file","time":"2023-10-02T21:26:25Z"}
{"file":"/ces/scheduler/run/b7c1fece-59e9-44c4-b607-d39afab762ba/data/.ica/user/auxiliary-output.log","level":"info","msg":"finished uploading file","time":"2023-10-02T21:26:25Z","total_time":480,"upload_to":"/6bd90a4d-878f-43f9-11bc-08da0fe1eeb9/analyses/test_CLI_run_v3_requeue_2023Oct02_18_42_12_677105-DRAGEN_Germline_BIMC_Clone-5c5f2aaf-a36d-4449-86ba-7643271eae7c-logs/auxiliary-output.log"}
{"file":"/ces/scheduler/run/b7c1fece-59e9-44c4-b607-d39afab762ba/data/.ica/user/bpe1-b7c1fece-59e9-44c4-b607-d39afab762ba-3post/2/stdout.tx8kx.log","level":"info","msg":"uploading file from queue","time":"2023-10-02T21:26:25Z"}
{"level":"info","msg":"upload attempt: #0","time":"2023-10-02T21:26:25Z"}
{"file":"/ces/scheduler/run/b7c1fece-59e9-44c4-b607-d39afab762ba/data/.ica/user/bpe1-b7c1fece-59e9-44c4-b607-d39afab762ba-3post/2/stdout.tx8kx.log","level":"info","msg":"started uploading file","time":"2023-10-02T21:26:25Z"}
{"level":"info","msg":"queued file for upload","path":"/ces/scheduler/run/b7c1fece-59e9-44c4-b607-d39afab762ba/data/.ica/user/bpe1-b7c1fece-59e9-44c4-b607-d39afab762ba-3post/3/stderr.tx8kx.log","time":"2023-10-02T21:26:25Z"}
{"file":"/ces/scheduler/run/b7c1fece-59e9-44c4-b607-d39afab762ba/data/.ica/user/bpe1-b7c1fece-59e9-44c4-b607-d39afab762ba-3post/1/stdout.tx8kx.log","level":"info","msg":"finished uploading file","time":"2023-10-02T21:26:25Z","total_time":491,"upload_to":"/6bd90a4d-878f-43f9-11bc-08da0fe1eeb9/analyses/test_CLI_run_v3_requeue_2023Oct02_18_42_12_677105-DRAGEN_Germline_BIMC_Clone-5c5f2aaf-a36d-4449-86ba-7643271eae7c-logs/bpe1-b7c1fece-59e9-44c4-b607-d39afab762ba-3post/1/stdout.tx8kx.log"}
{"file":"/ces/scheduler/run/b7c1fece-59e9-44c4-b607-d39afab762ba/data/.ica/user/bpe1-b7c1fece-59e9-44c4-b607-d39afab762ba-3post/3/stderr.tx8kx.log","level":"info","msg":"uploading file from queue","time":"2023-10-02T21:26:25Z"}
{"level":"info","msg":"upload attempt: #0","time":"2023-10-02T21:26:25Z"}
{"file":"/ces/scheduler/run/b7c1fece-59e9-44c4-b607-d39afab762ba/data/.ica/user/bpe1-b7c1fece-59e9-44c4-b607-d39afab762ba-3post/3/stderr.tx8kx.log","level":"info","msg":"started uploading file","time":"2023-10-02T21:26:25Z"}
{"level":"info","msg":"queued file for upload","path":"/ces/scheduler/run/b7c1fece-59e9-44c4-b607-d39afab762ba/data/.ica/user/bpe1-b7c1fece-59e9-44c4-b607-d39afab762ba-3post/3/stdout.tx8kx.log","time":"2023-10-02T21:26:25Z"}
