{"level":"info","msg":"Uploading once","time":"2023-10-02T21:23:30Z"}
{"level":"info","msg":"awaiting final sync","time":"2023-10-02T21:23:30Z"}
{"level":"info","msg":"received SIGINT, starting final sync","time":"2023-10-02T21:23:59Z"}
{"level":"info","msg":"starting final sync","time":"2023-10-02T21:23:59Z"}
{"level":"info","msg":"queued file for upload","path":"/ces/scheduler/run/b7c1fece-59e9-44c4-b607-d39afab762ba/data/.ica/user/auxiliary-output.log","time":"2023-10-02T21:23:59Z"}
{"file":"/ces/scheduler/run/b7c1fece-59e9-44c4-b607-d39afab762ba/data/.ica/user/auxiliary-output.log","level":"info","msg":"uploading file from queue","time":"2023-10-02T21:23:59Z"}
{"level":"info","msg":"upload attempt: #0","time":"2023-10-02T21:23:59Z"}
{"file":"/ces/scheduler/run/b7c1fece-59e9-44c4-b607-d39afab762ba/data/.ica/user/auxiliary-output.log","level":"info","msg":"started uploading file","time":"2023-10-02T21:23:59Z"}
{"level":"info","msg":"queued file for upload","path":"/ces/scheduler/run/b7c1fece-59e9-44c4-b607-d39afab762ba/data/.ica/user/bpe1-b7c1fece-59e9-44c4-b607-d39afab762ba-1pre/0/stderr.8kq69.log","time":"2023-10-02T21:23:59Z"}
{"file":"/ces/scheduler/run/b7c1fece-59e9-44c4-b607-d39afab762ba/data/.ica/user/bpe1-b7c1fece-59e9-44c4-b607-d39afab762ba-1pre/0/stderr.8kq69.log","level":"info","msg":"uploading file from queue","time":"2023-10-02T21:23:59Z"}
{"level":"info","msg":"upload attempt: #0","time":"2023-10-02T21:23:59Z"}
{"file":"/ces/scheduler/run/b7c1fece-59e9-44c4-b607-d39afab762ba/data/.ica/user/bpe1-b7c1fece-59e9-44c4-b607-d39afab762ba-1pre/0/stderr.8kq69.log","level":"info","msg":"started uploading file","time":"2023-10-02T21:23:59Z"}
{"level":"info","msg":"queued file for upload","path":"/ces/scheduler/run/b7c1fece-59e9-44c4-b607-d39afab762ba/data/.ica/user/bpe1-b7c1fece-59e9-44c4-b607-d39afab762ba-1pre/0/stdout.8kq69.log","time":"2023-10-02T21:23:59Z"}
{"file":"/ces/scheduler/run/b7c1fece-59e9-44c4-b607-d39afab762ba/data/.ica/user/bpe1-b7c1fece-59e9-44c4-b607-d39afab762ba-1pre/0/stdout.8kq69.log","level":"info","msg":"uploading file from queue","time":"2023-10-02T21:23:59Z"}
{"level":"info","msg":"upload attempt: #0","time":"2023-10-02T21:23:59Z"}
{"file":"/ces/scheduler/run/b7c1fece-59e9-44c4-b607-d39afab762ba/data/.ica/user/bpe1-b7c1fece-59e9-44c4-b607-d39afab762ba-1pre/0/stdout.8kq69.log","level":"info","msg":"started uploading file","time":"2023-10-02T21:23:59Z"}
{"level":"info","msg":"queued file for upload","path":"/ces/scheduler/run/b7c1fece-59e9-44c4-b607-d39afab762ba/data/.ica/user/bpe1-b7c1fece-59e9-44c4-b607-d39afab762ba-1pre/1/stderr.8kq69.log","time":"2023-10-02T21:23:59Z"}
{"file":"/ces/scheduler/run/b7c1fece-59e9-44c4-b607-d39afab762ba/data/.ica/user/bpe1-b7c1fece-59e9-44c4-b607-d39afab762ba-1pre/1/stderr.8kq69.log","level":"info","msg":"uploading file from queue","time":"2023-10-02T21:23:59Z"}
{"level":"info","msg":"upload attempt: #0","time":"2023-10-02T21:23:59Z"}
{"file":"/ces/scheduler/run/b7c1fece-59e9-44c4-b607-d39afab762ba/data/.ica/user/bpe1-b7c1fece-59e9-44c4-b607-d39afab762ba-1pre/1/stderr.8kq69.log","level":"info","msg":"started uploading file","time":"2023-10-02T21:23:59Z"}
{"level":"info","msg":"queued file for upload","path":"/ces/scheduler/run/b7c1fece-59e9-44c4-b607-d39afab762ba/data/.ica/user/bpe1-b7c1fece-59e9-44c4-b607-d39afab762ba-1pre/1/stdout.8kq69.log","time":"2023-10-02T21:23:59Z"}
{"file":"/ces/scheduler/run/b7c1fece-59e9-44c4-b607-d39afab762ba/data/.ica/user/bpe1-b7c1fece-59e9-44c4-b607-d39afab762ba-1pre/1/stdout.8kq69.log","level":"info","msg":"uploading file from queue","time":"2023-10-02T21:23:59Z"}
{"level":"info","msg":"upload attempt: #0","time":"2023-10-02T21:23:59Z"}
{"file":"/ces/scheduler/run/b7c1fece-59e9-44c4-b607-d39afab762ba/data/.ica/user/bpe1-b7c1fece-59e9-44c4-b607-d39afab762ba-1pre/1/stdout.8kq69.log","level":"info","msg":"started uploading file","time":"2023-10-02T21:23:59Z"}
{"level":"info","msg":"queued file for upload","path":"/ces/scheduler/run/b7c1fece-59e9-44c4-b607-d39afab762ba/data/.ica/user/bpe1-b7c1fece-59e9-44c4-b607-d39afab762ba-1pre/2/stderr.8kq69.log","time":"2023-10-02T21:23:59Z"}
{"file":"/ces/scheduler/run/b7c1fece-59e9-44c4-b607-d39afab762ba/data/.ica/user/bpe1-b7c1fece-59e9-44c4-b607-d39afab762ba-1pre/2/stderr.8kq69.log","level":"info","msg":"uploading file from queue","time":"2023-10-02T21:23:59Z"}
{"level":"info","msg":"upload attempt: #0","time":"2023-10-02T21:23:59Z"}
{"file":"/ces/scheduler/run/b7c1fece-59e9-44c4-b607-d39afab762ba/data/.ica/user/bpe1-b7c1fece-59e9-44c4-b607-d39afab762ba-1pre/2/stderr.8kq69.log","level":"info","msg":"started uploading file","time":"2023-10-02T21:23:59Z"}
{"level":"info","msg":"queued file for upload","path":"/ces/scheduler/run/b7c1fece-59e9-44c4-b607-d39afab762ba/data/.ica/user/bpe1-b7c1fece-59e9-44c4-b607-d39afab762ba-1pre/2/stdout.8kq69.log","time":"2023-10-02T21:23:59Z"}
{"file":"/ces/scheduler/run/b7c1fece-59e9-44c4-b607-d39afab762ba/data/.ica/user/bpe1-b7c1fece-59e9-44c4-b607-d39afab762ba-1pre/2/stdout.8kq69.log","level":"info","msg":"uploading file from queue","time":"2023-10-02T21:23:59Z"}
{"level":"info","msg":"upload attempt: #0","time":"2023-10-02T21:23:59Z"}
{"file":"/ces/scheduler/run/b7c1fece-59e9-44c4-b607-d39afab762ba/data/.ica/user/bpe1-b7c1fece-59e9-44c4-b607-d39afab762ba-1pre/2/stdout.8kq69.log","level":"info","msg":"started uploading file","time":"2023-10-02T21:23:59Z"}
{"level":"info","msg":"queued file for upload","path":"/ces/scheduler/run/b7c1fece-59e9-44c4-b607-d39afab762ba/data/.ica/user/bpe1-b7c1fece-59e9-44c4-b607-d39afab762ba-1pre/3/stderr.8kq69.log","time":"2023-10-02T21:23:59Z"}
{"file":"/ces/scheduler/run/b7c1fece-59e9-44c4-b607-d39afab762ba/data/.ica/user/bpe1-b7c1fece-59e9-44c4-b607-d39afab762ba-1pre/3/stderr.8kq69.log","level":"info","msg":"uploading file from queue","time":"2023-10-02T21:23:59Z"}
{"level":"info","msg":"upload attempt: #0","time":"2023-10-02T21:23:59Z"}
{"file":"/ces/scheduler/run/b7c1fece-59e9-44c4-b607-d39afab762ba/data/.ica/user/bpe1-b7c1fece-59e9-44c4-b607-d39afab762ba-1pre/3/stderr.8kq69.log","level":"info","msg":"started uploading file","time":"2023-10-02T21:23:59Z"}
{"level":"info","msg":"queued file for upload","path":"/ces/scheduler/run/b7c1fece-59e9-44c4-b607-d39afab762ba/data/.ica/user/bpe1-b7c1fece-59e9-44c4-b607-d39afab762ba-1pre/3/stdout.8kq69.log","time":"2023-10-02T21:23:59Z"}
{"file":"/ces/scheduler/run/b7c1fece-59e9-44c4-b607-d39afab762ba/data/.ica/user/bpe1-b7c1fece-59e9-44c4-b607-d39afab762ba-1pre/3/stdout.8kq69.log","level":"info","msg":"uploading file from queue","time":"2023-10-02T21:23:59Z"}
{"level":"info","msg":"upload attempt: #0","time":"2023-10-02T21:23:59Z"}
{"file":"/ces/scheduler/run/b7c1fece-59e9-44c4-b607-d39afab762ba/data/.ica/user/bpe1-b7c1fece-59e9-44c4-b607-d39afab762ba-1pre/3/stdout.8kq69.log","level":"info","msg":"started uploading file","time":"2023-10-02T21:23:59Z"}
{"level":"info","msg":"queued file for upload","path":"/ces/scheduler/run/b7c1fece-59e9-44c4-b607-d39afab762ba/data/.ica/user/bpe1-b7c1fece-59e9-44c4-b607-d39afab762ba-2uwf/0/stderr.cwxkw.log","time":"2023-10-02T21:23:59Z"}
{"file":"/ces/scheduler/run/b7c1fece-59e9-44c4-b607-d39afab762ba/data/.ica/user/bpe1-b7c1fece-59e9-44c4-b607-d39afab762ba-2uwf/0/stderr.cwxkw.log","level":"info","msg":"uploading file from queue","time":"2023-10-02T21:23:59Z"}
{"level":"info","msg":"upload attempt: #0","time":"2023-10-02T21:23:59Z"}
{"file":"/ces/scheduler/run/b7c1fece-59e9-44c4-b607-d39afab762ba/data/.ica/user/bpe1-b7c1fece-59e9-44c4-b607-d39afab762ba-2uwf/0/stderr.cwxkw.log","level":"info","msg":"started uploading file","time":"2023-10-02T21:23:59Z"}
{"level":"info","msg":"queued file for upload","path":"/ces/scheduler/run/b7c1fece-59e9-44c4-b607-d39afab762ba/data/.ica/user/bpe1-b7c1fece-59e9-44c4-b607-d39afab762ba-2uwf/0/stdout.cwxkw.log","time":"2023-10-02T21:23:59Z"}
{"file":"/ces/scheduler/run/b7c1fece-59e9-44c4-b607-d39afab762ba/data/.ica/user/auxiliary-output.log","level":"info","msg":"finished uploading file","time":"2023-10-02T21:24:00Z","total_time":600,"upload_to":"/6bd90a4d-878f-43f9-11bc-08da0fe1eeb9/analyses/test_CLI_run_v3_requeue_2023Oct02_18_42_12_677105-DRAGEN_Germline_BIMC_Clone-5c5f2aaf-a36d-4449-86ba-7643271eae7c-logs/auxiliary-output.log"}
{"file":"/ces/scheduler/run/b7c1fece-59e9-44c4-b607-d39afab762ba/data/.ica/user/bpe1-b7c1fece-59e9-44c4-b607-d39afab762ba-2uwf/0/stdout.cwxkw.log","level":"info","msg":"uploading file from queue","time":"2023-10-02T21:24:00Z"}
{"level":"info","msg":"upload attempt: #0","time":"2023-10-02T21:24:00Z"}
{"file":"/ces/scheduler/run/b7c1fece-59e9-44c4-b607-d39afab762ba/data/.ica/user/bpe1-b7c1fece-59e9-44c4-b607-d39afab762ba-2uwf/0/stdout.cwxkw.log","level":"info","msg":"started uploading file","time":"2023-10-02T21:24:00Z"}
{"level":"info","msg":"queued file for upload","path":"/ces/scheduler/run/b7c1fece-59e9-44c4-b607-d39afab762ba/data/.ica/user/bpe1-b7c1fece-59e9-44c4-b607-d39afab762ba-3post/0/stderr.tx8kx.log","time":"2023-10-02T21:24:00Z"}
{"file":"/ces/scheduler/run/b7c1fece-59e9-44c4-b607-d39afab762ba/data/.ica/user/bpe1-b7c1fece-59e9-44c4-b607-d39afab762ba-1pre/2/stderr.8kq69.log","level":"info","msg":"finished uploading file","time":"2023-10-02T21:24:00Z","total_time":389,"upload_to":"/6bd90a4d-878f-43f9-11bc-08da0fe1eeb9/analyses/test_CLI_run_v3_requeue_2023Oct02_18_42_12_677105-DRAGEN_Germline_BIMC_Clone-5c5f2aaf-a36d-4449-86ba-7643271eae7c-logs/bpe1-b7c1fece-59e9-44c4-b607-d39afab762ba-1pre/2/stderr.8kq69.log"}
{"file":"/ces/scheduler/run/b7c1fece-59e9-44c4-b607-d39afab762ba/data/.ica/user/bpe1-b7c1fece-59e9-44c4-b607-d39afab762ba-3post/0/stderr.tx8kx.log","level":"info","msg":"uploading file from queue","time":"2023-10-02T21:24:00Z"}
{"level":"info","msg":"upload attempt: #0","time":"2023-10-02T21:24:00Z"}
{"file":"/ces/scheduler/run/b7c1fece-59e9-44c4-b607-d39afab762ba/data/.ica/user/bpe1-b7c1fece-59e9-44c4-b607-d39afab762ba-3post/0/stderr.tx8kx.log","level":"info","msg":"started uploading file","time":"2023-10-02T21:24:00Z"}
{"level":"info","msg":"queued file for upload","path":"/ces/scheduler/run/b7c1fece-59e9-44c4-b607-d39afab762ba/data/.ica/user/bpe1-b7c1fece-59e9-44c4-b607-d39afab762ba-3post/0/stdout.tx8kx.log","time":"2023-10-02T21:24:00Z"}
{"file":"/ces/scheduler/run/b7c1fece-59e9-44c4-b607-d39afab762ba/data/.ica/user/bpe1-b7c1fece-59e9-44c4-b607-d39afab762ba-1pre/1/stderr.8kq69.log","level":"info","msg":"finished uploading file","time":"2023-10-02T21:24:00Z","total_time":560,"upload_to":"/6bd90a4d-878f-43f9-11bc-08da0fe1eeb9/analyses/test_CLI_run_v3_requeue_2023Oct02_18_42_12_677105-DRAGEN_Germline_BIMC_Clone-5c5f2aaf-a36d-4449-86ba-7643271eae7c-logs/bpe1-b7c1fece-59e9-44c4-b607-d39afab762ba-1pre/1/stderr.8kq69.log"}
{"file":"/ces/scheduler/run/b7c1fece-59e9-44c4-b607-d39afab762ba/data/.ica/user/bpe1-b7c1fece-59e9-44c4-b607-d39afab762ba-3post/0/stdout.tx8kx.log","level":"info","msg":"uploading file from queue","time":"2023-10-02T21:24:00Z"}
{"level":"info","msg":"upload attempt: #0","time":"2023-10-02T21:24:00Z"}
{"file":"/ces/scheduler/run/b7c1fece-59e9-44c4-b607-d39afab762ba/data/.ica/user/bpe1-b7c1fece-59e9-44c4-b607-d39afab762ba-3post/0/stdout.tx8kx.log","level":"info","msg":"started uploading file","time":"2023-10-02T21:24:00Z"}
{"level":"info","msg":"queued file for upload","path":"/ces/scheduler/run/b7c1fece-59e9-44c4-b607-d39afab762ba/data/.ica/user/bpe1-b7c1fece-59e9-44c4-b607-d39afab762ba-3post/1/stderr.tx8kx.log","time":"2023-10-02T21:24:00Z"}
{"file":"/ces/scheduler/run/b7c1fece-59e9-44c4-b607-d39afab762ba/data/.ica/user/bpe1-b7c1fece-59e9-44c4-b607-d39afab762ba-1pre/3/stdout.8kq69.log","level":"info","msg":"finished uploading file","time":"2023-10-02T21:24:00Z","total_time":370,"upload_to":"/6bd90a4d-878f-43f9-11bc-08da0fe1eeb9/analyses/test_CLI_run_v3_requeue_2023Oct02_18_42_12_677105-DRAGEN_Germline_BIMC_Clone-5c5f2aaf-a36d-4449-86ba-7643271eae7c-logs/bpe1-b7c1fece-59e9-44c4-b607-d39afab762ba-1pre/3/stdout.8kq69.log"}
{"file":"/ces/scheduler/run/b7c1fece-59e9-44c4-b607-d39afab762ba/data/.ica/user/bpe1-b7c1fece-59e9-44c4-b607-d39afab762ba-3post/1/stderr.tx8kx.log","level":"info","msg":"uploading file from queue","time":"2023-10-02T21:24:00Z"}
{"level":"info","msg":"upload attempt: #0","time":"2023-10-02T21:24:00Z"}
{"file":"/ces/scheduler/run/b7c1fece-59e9-44c4-b607-d39afab762ba/data/.ica/user/bpe1-b7c1fece-59e9-44c4-b607-d39afab762ba-3post/1/stderr.tx8kx.log","level":"info","msg":"started uploading file","time":"2023-10-02T21:24:00Z"}
{"level":"info","msg":"queued file for upload","path":"/ces/scheduler/run/b7c1fece-59e9-44c4-b607-d39afab762ba/data/.ica/user/bpe1-b7c1fece-59e9-44c4-b607-d39afab762ba-3post/1/stdout.tx8kx.log","time":"2023-10-02T21:24:00Z"}
{"file":"/ces/scheduler/run/b7c1fece-59e9-44c4-b607-d39afab762ba/data/.ica/user/bpe1-b7c1fece-59e9-44c4-b607-d39afab762ba-1pre/0/stderr.8kq69.log","level":"info","msg":"finished uploading file","time":"2023-10-02T21:24:00Z","total_time":670,"upload_to":"/6bd90a4d-878f-43f9-11bc-08da0fe1eeb9/analyses/test_CLI_run_v3_requeue_2023Oct02_18_42_12_677105-DRAGEN_Germline_BIMC_Clone-5c5f2aaf-a36d-4449-86ba-7643271eae7c-logs/bpe1-b7c1fece-59e9-44c4-b607-d39afab762ba-1pre/0/stderr.8kq69.log"}
{"file":"/ces/scheduler/run/b7c1fece-59e9-44c4-b607-d39afab762ba/data/.ica/user/bpe1-b7c1fece-59e9-44c4-b607-d39afab762ba-3post/1/stdout.tx8kx.log","level":"info","msg":"uploading file from queue","time":"2023-10-02T21:24:00Z"}
{"level":"info","msg":"upload attempt: #0","time":"2023-10-02T21:24:00Z"}
{"file":"/ces/scheduler/run/b7c1fece-59e9-44c4-b607-d39afab762ba/data/.ica/user/bpe1-b7c1fece-59e9-44c4-b607-d39afab762ba-3post/1/stdout.tx8kx.log","level":"info","msg":"started uploading file","time":"2023-10-02T21:24:00Z"}
{"level":"info","msg":"queued file for upload","path":"/ces/scheduler/run/b7c1fece-59e9-44c4-b607-d39afab762ba/data/.ica/user/dag-report.dot","time":"2023-10-02T21:24:00Z"}
{"file":"/ces/scheduler/run/b7c1fece-59e9-44c4-b607-d39afab762ba/data/.ica/user/bpe1-b7c1fece-59e9-44c4-b607-d39afab762ba-3post/0/stderr.tx8kx.log","level":"info","msg":"finished uploading file","time":"2023-10-02T21:24:00Z","total_time":540,"upload_to":"/6bd90a4d-878f-43f9-11bc-08da0fe1eeb9/analyses/test_CLI_run_v3_requeue_2023Oct02_18_42_12_677105-DRAGEN_Germline_BIMC_Clone-5c5f2aaf-a36d-4449-86ba-7643271eae7c-logs/bpe1-b7c1fece-59e9-44c4-b607-d39afab762ba-3post/0/stderr.tx8kx.log"}
{"file":"/ces/scheduler/run/b7c1fece-59e9-44c4-b607-d39afab762ba/data/.ica/user/dag-report.dot","level":"info","msg":"uploading file from queue","time":"2023-10-02T21:24:00Z"}
{"level":"info","msg":"upload attempt: #0","time":"2023-10-02T21:24:00Z"}
{"file":"/ces/scheduler/run/b7c1fece-59e9-44c4-b607-d39afab762ba/data/.ica/user/dag-report.dot","level":"info","msg":"started uploading file","time":"2023-10-02T21:24:00Z"}
{"level":"info","msg":"queued file for upload","path":"/ces/scheduler/run/b7c1fece-59e9-44c4-b607-d39afab762ba/data/.ica/user/debugging-commands.db","time":"2023-10-02T21:24:00Z"}
{"file":"/ces/scheduler/run/b7c1fece-59e9-44c4-b607-d39afab762ba/data/.ica/user/bpe1-b7c1fece-59e9-44c4-b607-d39afab762ba-2uwf/0/stderr.cwxkw.log","level":"info","msg":"finished uploading file","time":"2023-10-02T21:24:00Z","total_time":750,"upload_to":"/6bd90a4d-878f-43f9-11bc-08da0fe1eeb9/analyses/test_CLI_run_v3_requeue_2023Oct02_18_42_12_677105-DRAGEN_Germline_BIMC_Clone-5c5f2aaf-a36d-4449-86ba-7643271eae7c-logs/bpe1-b7c1fece-59e9-44c4-b607-d39afab762ba-2uwf/0/stderr.cwxkw.log"}
{"file":"/ces/scheduler/run/b7c1fece-59e9-44c4-b607-d39afab762ba/data/.ica/user/debugging-commands.db","level":"info","msg":"uploading file from queue","time":"2023-10-02T21:24:00Z"}
{"level":"info","msg":"upload attempt: #0","time":"2023-10-02T21:24:00Z"}
{"file":"/ces/scheduler/run/b7c1fece-59e9-44c4-b607-d39afab762ba/data/.ica/user/debugging-commands.db","level":"info","msg":"started uploading file","time":"2023-10-02T21:24:00Z"}
{"level":"info","msg":"queued file for upload","path":"/ces/scheduler/run/b7c1fece-59e9-44c4-b607-d39afab762ba/data/.ica/user/debugging-output.log","time":"2023-10-02T21:24:00Z"}
{"file":"/ces/scheduler/run/b7c1fece-59e9-44c4-b607-d39afab762ba/data/.ica/user/bpe1-b7c1fece-59e9-44c4-b607-d39afab762ba-1pre/0/stdout.8kq69.log","level":"info","msg":"finished uploading file","time":"2023-10-02T21:24:00Z","total_time":810,"upload_to":"/6bd90a4d-878f-43f9-11bc-08da0fe1eeb9/analyses/test_CLI_run_v3_requeue_2023Oct02_18_42_12_677105-DRAGEN_Germline_BIMC_Clone-5c5f2aaf-a36d-4449-86ba-7643271eae7c-logs/bpe1-b7c1fece-59e9-44c4-b607-d39afab762ba-1pre/0/stdout.8kq69.log"}
{"file":"/ces/scheduler/run/b7c1fece-59e9-44c4-b607-d39afab762ba/data/.ica/user/debugging-output.log","level":"info","msg":"uploading file from queue","time":"2023-10-02T21:24:00Z"}
{"level":"info","msg":"upload attempt: #0","time":"2023-10-02T21:24:00Z"}
{"file":"/ces/scheduler/run/b7c1fece-59e9-44c4-b607-d39afab762ba/data/.ica/user/debugging-output.log","level":"info","msg":"started uploading file","time":"2023-10-02T21:24:00Z"}
{"level":"info","msg":"queued file for upload","path":"/ces/scheduler/run/b7c1fece-59e9-44c4-b607-d39afab762ba/data/.ica/user/events.db","time":"2023-10-02T21:24:00Z"}
{"file":"/ces/scheduler/run/b7c1fece-59e9-44c4-b607-d39afab762ba/data/.ica/user/bpe1-b7c1fece-59e9-44c4-b607-d39afab762ba-1pre/2/stdout.8kq69.log","level":"info","msg":"finished uploading file","time":"2023-10-02T21:24:00Z","total_time":350,"upload_to":"/6bd90a4d-878f-43f9-11bc-08da0fe1eeb9/analyses/test_CLI_run_v3_requeue_2023Oct02_18_42_12_677105-DRAGEN_Germline_BIMC_Clone-5c5f2aaf-a36d-4449-86ba-7643271eae7c-logs/bpe1-b7c1fece-59e9-44c4-b607-d39afab762ba-1pre/2/stdout.8kq69.log"}
{"file":"/ces/scheduler/run/b7c1fece-59e9-44c4-b607-d39afab762ba/data/.ica/user/events.db","level":"info","msg":"uploading file from queue","time":"2023-10-02T21:24:00Z"}
{"level":"info","msg":"upload attempt: #0","time":"2023-10-02T21:24:00Z"}
{"file":"/ces/scheduler/run/b7c1fece-59e9-44c4-b607-d39afab762ba/data/.ica/user/events.db","level":"info","msg":"started uploading file","time":"2023-10-02T21:24:00Z"}
{"level":"info","msg":"queued file for upload","path":"/ces/scheduler/run/b7c1fece-59e9-44c4-b607-d39afab762ba/data/.ica/user/execution-report.html","time":"2023-10-02T21:24:00Z"}
{"file":"/ces/scheduler/run/b7c1fece-59e9-44c4-b607-d39afab762ba/data/.ica/user/bpe1-b7c1fece-59e9-44c4-b607-d39afab762ba-3post/1/stdout.tx8kx.log","level":"info","msg":"finished uploading file","time":"2023-10-02T21:24:00Z","total_time":430,"upload_to":"/6bd90a4d-878f-43f9-11bc-08da0fe1eeb9/analyses/test_CLI_run_v3_requeue_2023Oct02_18_42_12_677105-DRAGEN_Germline_BIMC_Clone-5c5f2aaf-a36d-4449-86ba-7643271eae7c-logs/bpe1-b7c1fece-59e9-44c4-b607-d39afab762ba-3post/1/stdout.tx8kx.log"}
{"file":"/ces/scheduler/run/b7c1fece-59e9-44c4-b607-d39afab762ba/data/.ica/user/execution-report.html","level":"info","msg":"uploading file from queue","time":"2023-10-02T21:24:00Z"}
{"level":"info","msg":"upload attempt: #0","time":"2023-10-02T21:24:00Z"}
{"file":"/ces/scheduler/run/b7c1fece-59e9-44c4-b607-d39afab762ba/data/.ica/user/execution-report.html","level":"info","msg":"started uploading file","time":"2023-10-02T21:24:00Z"}
{"file":"/ces/scheduler/run/b7c1fece-59e9-44c4-b607-d39afab762ba/data/.ica/user/bpe1-b7c1fece-59e9-44c4-b607-d39afab762ba-1pre/3/stderr.8kq69.log","level":"info","msg":"finished uploading file","time":"2023-10-02T21:24:00Z","total_time":430,"upload_to":"/6bd90a4d-878f-43f9-11bc-08da0fe1eeb9/analyses/test_CLI_run_v3_requeue_2023Oct02_18_42_12_677105-DRAGEN_Germline_BIMC_Clone-5c5f2aaf-a36d-4449-86ba-7643271eae7c-logs/bpe1-b7c1fece-59e9-44c4-b607-d39afab762ba-1pre/3/stderr.8kq69.log"}
{"level":"info","msg":"queued file for upload","path":"/ces/scheduler/run/b7c1fece-59e9-44c4-b607-d39afab762ba/data/.ica/user/metrics.db","time":"2023-10-02T21:24:00Z"}
{"file":"/ces/scheduler/run/b7c1fece-59e9-44c4-b607-d39afab762ba/data/.ica/user/metrics.db","level":"info","msg":"uploading file from queue","time":"2023-10-02T21:24:00Z"}
{"level":"info","msg":"upload attempt: #0","time":"2023-10-02T21:24:00Z"}
{"file":"/ces/scheduler/run/b7c1fece-59e9-44c4-b607-d39afab762ba/data/.ica/user/metrics.db","level":"info","msg":"started uploading file","time":"2023-10-02T21:24:00Z"}
{"level":"info","msg":"queued file for upload","path":"/ces/scheduler/run/b7c1fece-59e9-44c4-b607-d39afab762ba/data/.ica/user/podevents.db","time":"2023-10-02T21:24:00Z"}
{"file":"/ces/scheduler/run/b7c1fece-59e9-44c4-b607-d39afab762ba/data/.ica/user/bpe1-b7c1fece-59e9-44c4-b607-d39afab762ba-1pre/1/stdout.8kq69.log","level":"info","msg":"finished uploading file","time":"2023-10-02T21:24:00Z","total_time":440,"upload_to":"/6bd90a4d-878f-43f9-11bc-08da0fe1eeb9/analyses/test_CLI_run_v3_requeue_2023Oct02_18_42_12_677105-DRAGEN_Germline_BIMC_Clone-5c5f2aaf-a36d-4449-86ba-7643271eae7c-logs/bpe1-b7c1fece-59e9-44c4-b607-d39afab762ba-1pre/1/stdout.8kq69.log"}
{"file":"/ces/scheduler/run/b7c1fece-59e9-44c4-b607-d39afab762ba/data/.ica/user/podevents.db","level":"info","msg":"uploading file from queue","time":"2023-10-02T21:24:00Z"}
{"level":"info","msg":"upload attempt: #0","time":"2023-10-02T21:24:00Z"}
{"file":"/ces/scheduler/run/b7c1fece-59e9-44c4-b607-d39afab762ba/data/.ica/user/podevents.db","level":"info","msg":"started uploading file","time":"2023-10-02T21:24:00Z"}
{"file":"/ces/scheduler/run/b7c1fece-59e9-44c4-b607-d39afab762ba/data/.ica/user/bpe1-b7c1fece-59e9-44c4-b607-d39afab762ba-2uwf/0/stdout.cwxkw.log","level":"info","msg":"finished uploading file","time":"2023-10-02T21:24:00Z","total_time":620,"upload_to":"/6bd90a4d-878f-43f9-11bc-08da0fe1eeb9/analyses/test_CLI_run_v3_requeue_2023Oct02_18_42_12_677105-DRAGEN_Germline_BIMC_Clone-5c5f2aaf-a36d-4449-86ba-7643271eae7c-logs/bpe1-b7c1fece-59e9-44c4-b607-d39afab762ba-2uwf/0/stdout.cwxkw.log"}
{"file":"/ces/scheduler/run/b7c1fece-59e9-44c4-b607-d39afab762ba/data/.ica/user/bpe1-b7c1fece-59e9-44c4-b607-d39afab762ba-3post/1/stderr.tx8kx.log","level":"info","msg":"finished uploading file","time":"2023-10-02T21:24:00Z","total_time":330,"upload_to":"/6bd90a4d-878f-43f9-11bc-08da0fe1eeb9/analyses/test_CLI_run_v3_requeue_2023Oct02_18_42_12_677105-DRAGEN_Germline_BIMC_Clone-5c5f2aaf-a36d-4449-86ba-7643271eae7c-logs/bpe1-b7c1fece-59e9-44c4-b607-d39afab762ba-3post/1/stderr.tx8kx.log"}
{"file":"/ces/scheduler/run/b7c1fece-59e9-44c4-b607-d39afab762ba/data/.ica/user/dag-report.dot","level":"info","msg":"finished uploading file","time":"2023-10-02T21:24:00Z","total_time":570,"upload_to":"/6bd90a4d-878f-43f9-11bc-08da0fe1eeb9/analyses/test_CLI_run_v3_requeue_2023Oct02_18_42_12_677105-DRAGEN_Germline_BIMC_Clone-5c5f2aaf-a36d-4449-86ba-7643271eae7c-logs/dag-report.dot"}
{"level":"info","msg":"queued file for upload","path":"/ces/scheduler/run/b7c1fece-59e9-44c4-b607-d39afab762ba/data/.ica/user/raw-engine-logs/.nextflow/cache/6ef042fb-bb4d-4641-a034-844746b7bf6b/db/000003.log","time":"2023-10-02T21:24:00Z"}
{"file":"/ces/scheduler/run/b7c1fece-59e9-44c4-b607-d39afab762ba/data/.ica/user/raw-engine-logs/.nextflow/cache/6ef042fb-bb4d-4641-a034-844746b7bf6b/db/000003.log","level":"info","msg":"uploading file from queue","time":"2023-10-02T21:24:00Z"}
{"level":"info","msg":"upload attempt: #0","time":"2023-10-02T21:24:00Z"}
{"file":"/ces/scheduler/run/b7c1fece-59e9-44c4-b607-d39afab762ba/data/.ica/user/raw-engine-logs/.nextflow/cache/6ef042fb-bb4d-4641-a034-844746b7bf6b/db/000003.log","level":"info","msg":"started uploading file","time":"2023-10-02T21:24:00Z"}
{"level":"info","msg":"queued file for upload","path":"/ces/scheduler/run/b7c1fece-59e9-44c4-b607-d39afab762ba/data/.ica/user/raw-engine-logs/.nextflow/cache/6ef042fb-bb4d-4641-a034-844746b7bf6b/db/CURRENT","time":"2023-10-02T21:24:00Z"}
{"file":"/ces/scheduler/run/b7c1fece-59e9-44c4-b607-d39afab762ba/data/.ica/user/raw-engine-logs/.nextflow/cache/6ef042fb-bb4d-4641-a034-844746b7bf6b/db/CURRENT","level":"info","msg":"uploading file from queue","time":"2023-10-02T21:24:00Z"}
{"level":"info","msg":"upload attempt: #0","time":"2023-10-02T21:24:00Z"}
{"file":"/ces/scheduler/run/b7c1fece-59e9-44c4-b607-d39afab762ba/data/.ica/user/raw-engine-logs/.nextflow/cache/6ef042fb-bb4d-4641-a034-844746b7bf6b/db/CURRENT","level":"info","msg":"started uploading file","time":"2023-10-02T21:24:00Z"}
{"level":"info","msg":"queued file for upload","path":"/ces/scheduler/run/b7c1fece-59e9-44c4-b607-d39afab762ba/data/.ica/user/raw-engine-logs/.nextflow/cache/6ef042fb-bb4d-4641-a034-844746b7bf6b/db/LOCK","time":"2023-10-02T21:24:00Z"}
{"level":"info","msg":"queued file for upload","path":"/ces/scheduler/run/b7c1fece-59e9-44c4-b607-d39afab762ba/data/.ica/user/raw-engine-logs/.nextflow/cache/6ef042fb-bb4d-4641-a034-844746b7bf6b/db/MANIFEST-000002","time":"2023-10-02T21:24:00Z"}
{"file":"/ces/scheduler/run/b7c1fece-59e9-44c4-b607-d39afab762ba/data/.ica/user/raw-engine-logs/.nextflow/cache/6ef042fb-bb4d-4641-a034-844746b7bf6b/db/LOCK","level":"info","msg":"uploading file from queue","time":"2023-10-02T21:24:00Z"}
{"level":"info","msg":"upload attempt: #0","time":"2023-10-02T21:24:00Z"}
{"file":"/ces/scheduler/run/b7c1fece-59e9-44c4-b607-d39afab762ba/data/.ica/user/raw-engine-logs/.nextflow/cache/6ef042fb-bb4d-4641-a034-844746b7bf6b/db/LOCK","level":"info","msg":"started uploading file","time":"2023-10-02T21:24:00Z"}
{"file":"/ces/scheduler/run/b7c1fece-59e9-44c4-b607-d39afab762ba/data/.ica/user/bpe1-b7c1fece-59e9-44c4-b607-d39afab762ba-3post/0/stdout.tx8kx.log","level":"info","msg":"finished uploading file","time":"2023-10-02T21:24:00Z","total_time":660,"upload_to":"/6bd90a4d-878f-43f9-11bc-08da0fe1eeb9/analyses/test_CLI_run_v3_requeue_2023Oct02_18_42_12_677105-DRAGEN_Germline_BIMC_Clone-5c5f2aaf-a36d-4449-86ba-7643271eae7c-logs/bpe1-b7c1fece-59e9-44c4-b607-d39afab762ba-3post/0/stdout.tx8kx.log"}
{"file":"/ces/scheduler/run/b7c1fece-59e9-44c4-b607-d39afab762ba/data/.ica/user/raw-engine-logs/.nextflow/cache/6ef042fb-bb4d-4641-a034-844746b7bf6b/db/MANIFEST-000002","level":"info","msg":"uploading file from queue","time":"2023-10-02T21:24:00Z"}
{"level":"info","msg":"upload attempt: #0","time":"2023-10-02T21:24:00Z"}
{"file":"/ces/scheduler/run/b7c1fece-59e9-44c4-b607-d39afab762ba/data/.ica/user/raw-engine-logs/.nextflow/cache/6ef042fb-bb4d-4641-a034-844746b7bf6b/db/MANIFEST-000002","level":"info","msg":"started uploading file","time":"2023-10-02T21:24:00Z"}
{"level":"info","msg":"queued file for upload","path":"/ces/scheduler/run/b7c1fece-59e9-44c4-b607-d39afab762ba/data/.ica/user/raw-engine-logs/.nextflow/cache/6ef042fb-bb4d-4641-a034-844746b7bf6b/index.nasty_blackwell","time":"2023-10-02T21:24:00Z"}
{"file":"/ces/scheduler/run/b7c1fece-59e9-44c4-b607-d39afab762ba/data/.ica/user/raw-engine-logs/.nextflow/cache/6ef042fb-bb4d-4641-a034-844746b7bf6b/db/LOCK","level":"info","msg":"finished uploading file","time":"2023-10-02T21:24:00Z","total_time":530,"upload_to":"/6bd90a4d-878f-43f9-11bc-08da0fe1eeb9/analyses/test_CLI_run_v3_requeue_2023Oct02_18_42_12_677105-DRAGEN_Germline_BIMC_Clone-5c5f2aaf-a36d-4449-86ba-7643271eae7c-logs/raw-engine-logs/.nextflow/cache/6ef042fb-bb4d-4641-a034-844746b7bf6b/db/LOCK"}
{"file":"/ces/scheduler/run/b7c1fece-59e9-44c4-b607-d39afab762ba/data/.ica/user/raw-engine-logs/.nextflow/cache/6ef042fb-bb4d-4641-a034-844746b7bf6b/index.nasty_blackwell","level":"info","msg":"uploading file from queue","time":"2023-10-02T21:24:00Z"}
{"level":"info","msg":"upload attempt: #0","time":"2023-10-02T21:24:00Z"}
{"file":"/ces/scheduler/run/b7c1fece-59e9-44c4-b607-d39afab762ba/data/.ica/user/raw-engine-logs/.nextflow/cache/6ef042fb-bb4d-4641-a034-844746b7bf6b/index.nasty_blackwell","level":"info","msg":"started uploading file","time":"2023-10-02T21:24:00Z"}
{"level":"info","msg":"queued file for upload","path":"/ces/scheduler/run/b7c1fece-59e9-44c4-b607-d39afab762ba/data/.ica/user/raw-engine-logs/.nextflow/history","time":"2023-10-02T21:24:00Z"}
{"file":"/ces/scheduler/run/b7c1fece-59e9-44c4-b607-d39afab762ba/data/.ica/user/debugging-output.log","level":"info","msg":"finished uploading file","time":"2023-10-02T21:24:00Z","total_time":640,"upload_to":"/6bd90a4d-878f-43f9-11bc-08da0fe1eeb9/analyses/test_CLI_run_v3_requeue_2023Oct02_18_42_12_677105-DRAGEN_Germline_BIMC_Clone-5c5f2aaf-a36d-4449-86ba-7643271eae7c-logs/debugging-output.log"}
{"file":"/ces/scheduler/run/b7c1fece-59e9-44c4-b607-d39afab762ba/data/.ica/user/raw-engine-logs/.nextflow/history","level":"info","msg":"uploading file from queue","time":"2023-10-02T21:24:00Z"}
{"level":"info","msg":"upload attempt: #0","time":"2023-10-02T21:24:00Z"}
{"file":"/ces/scheduler/run/b7c1fece-59e9-44c4-b607-d39afab762ba/data/.ica/user/raw-engine-logs/.nextflow/history","level":"info","msg":"started uploading file","time":"2023-10-02T21:24:00Z"}
{"level":"info","msg":"queued file for upload","path":"/ces/scheduler/run/b7c1fece-59e9-44c4-b607-d39afab762ba/data/.ica/user/raw-engine-logs/.nextflow.log","time":"2023-10-02T21:24:00Z"}
{"file":"/ces/scheduler/run/b7c1fece-59e9-44c4-b607-d39afab762ba/data/.ica/user/raw-engine-logs/.nextflow/cache/6ef042fb-bb4d-4641-a034-844746b7bf6b/db/CURRENT","level":"info","msg":"finished uploading file","time":"2023-10-02T21:24:00Z","total_time":630,"upload_to":"/6bd90a4d-878f-43f9-11bc-08da0fe1eeb9/analyses/test_CLI_run_v3_requeue_2023Oct02_18_42_12_677105-DRAGEN_Germline_BIMC_Clone-5c5f2aaf-a36d-4449-86ba-7643271eae7c-logs/raw-engine-logs/.nextflow/cache/6ef042fb-bb4d-4641-a034-844746b7bf6b/db/CURRENT"}
{"file":"/ces/scheduler/run/b7c1fece-59e9-44c4-b607-d39afab762ba/data/.ica/user/raw-engine-logs/.nextflow.log","level":"info","msg":"uploading file from queue","time":"2023-10-02T21:24:00Z"}
{"level":"info","msg":"upload attempt: #0","time":"2023-10-02T21:24:00Z"}
{"file":"/ces/scheduler/run/b7c1fece-59e9-44c4-b607-d39afab762ba/data/.ica/user/raw-engine-logs/.nextflow.log","level":"info","msg":"started uploading file","time":"2023-10-02T21:24:00Z"}
{"level":"info","msg":"queued file for upload","path":"/ces/scheduler/run/b7c1fece-59e9-44c4-b607-d39afab762ba/data/.ica/user/raw_events.log","time":"2023-10-02T21:24:00Z"}
{"file":"/ces/scheduler/run/b7c1fece-59e9-44c4-b607-d39afab762ba/data/.ica/user/debugging-commands.db","level":"info","msg":"finished uploading file","time":"2023-10-02T21:24:00Z","total_time":320,"upload_to":"/6bd90a4d-878f-43f9-11bc-08da0fe1eeb9/analyses/test_CLI_run_v3_requeue_2023Oct02_18_42_12_677105-DRAGEN_Germline_BIMC_Clone-5c5f2aaf-a36d-4449-86ba-7643271eae7c-logs/debugging-commands.db"}
{"file":"/ces/scheduler/run/b7c1fece-59e9-44c4-b607-d39afab762ba/data/.ica/user/raw_events.log","level":"info","msg":"uploading file from queue","time":"2023-10-02T21:24:00Z"}
{"level":"info","msg":"upload attempt: #0","time":"2023-10-02T21:24:00Z"}
{"file":"/ces/scheduler/run/b7c1fece-59e9-44c4-b607-d39afab762ba/data/.ica/user/raw_events.log","level":"info","msg":"started uploading file","time":"2023-10-02T21:24:00Z"}
{"level":"info","msg":"queued file for upload","path":"/ces/scheduler/run/b7c1fece-59e9-44c4-b607-d39afab762ba/data/.ica/user/timeline-report.html","time":"2023-10-02T21:24:00Z"}
{"file":"/ces/scheduler/run/b7c1fece-59e9-44c4-b607-d39afab762ba/data/.ica/user/raw-engine-logs/.nextflow/cache/6ef042fb-bb4d-4641-a034-844746b7bf6b/db/000003.log","level":"info","msg":"finished uploading file","time":"2023-10-02T21:24:00Z","total_time":510,"upload_to":"/6bd90a4d-878f-43f9-11bc-08da0fe1eeb9/analyses/test_CLI_run_v3_requeue_2023Oct02_18_42_12_677105-DRAGEN_Germline_BIMC_Clone-5c5f2aaf-a36d-4449-86ba-7643271eae7c-logs/raw-engine-logs/.nextflow/cache/6ef042fb-bb4d-4641-a034-844746b7bf6b/db/000003.log"}
{"file":"/ces/scheduler/run/b7c1fece-59e9-44c4-b607-d39afab762ba/data/.ica/user/timeline-report.html","level":"info","msg":"uploading file from queue","time":"2023-10-02T21:24:00Z"}
{"level":"info","msg":"upload attempt: #0","time":"2023-10-02T21:24:00Z"}
{"file":"/ces/scheduler/run/b7c1fece-59e9-44c4-b607-d39afab762ba/data/.ica/user/timeline-report.html","level":"info","msg":"started uploading file","time":"2023-10-02T21:24:00Z"}
{"level":"info","msg":"queued file for upload","path":"/ces/scheduler/run/b7c1fece-59e9-44c4-b607-d39afab762ba/data/.ica/user/trace-report.txt","time":"2023-10-02T21:24:00Z"}
{"file":"/ces/scheduler/run/b7c1fece-59e9-44c4-b607-d39afab762ba/data/.ica/user/raw-engine-logs/.nextflow/cache/6ef042fb-bb4d-4641-a034-844746b7bf6b/index.nasty_blackwell","level":"info","msg":"finished uploading file","time":"2023-10-02T21:24:00Z","total_time":411,"upload_to":"/6bd90a4d-878f-43f9-11bc-08da0fe1eeb9/analyses/test_CLI_run_v3_requeue_2023Oct02_18_42_12_677105-DRAGEN_Germline_BIMC_Clone-5c5f2aaf-a36d-4449-86ba-7643271eae7c-logs/raw-engine-logs/.nextflow/cache/6ef042fb-bb4d-4641-a034-844746b7bf6b/index.nasty_blackwell"}
{"file":"/ces/scheduler/run/b7c1fece-59e9-44c4-b607-d39afab762ba/data/.ica/user/trace-report.txt","level":"info","msg":"uploading file from queue","time":"2023-10-02T21:24:00Z"}
{"level":"info","msg":"upload attempt: #0","time":"2023-10-02T21:24:00Z"}
{"file":"/ces/scheduler/run/b7c1fece-59e9-44c4-b607-d39afab762ba/data/.ica/user/trace-report.txt","level":"info","msg":"started uploading file","time":"2023-10-02T21:24:00Z"}
{"level":"info","msg":"queued file for upload","path":"/ces/scheduler/run/b7c1fece-59e9-44c4-b607-d39afab762ba/data/.ica/user/work/e8/17881f6ca4e1cc38be7ac4b0f5cbb5/.command.err","time":"2023-10-02T21:24:00Z"}
{"file":"/ces/scheduler/run/b7c1fece-59e9-44c4-b607-d39afab762ba/data/.ica/user/raw_events.log","level":"info","msg":"finished uploading file","time":"2023-10-02T21:24:00Z","total_time":360,"upload_to":"/6bd90a4d-878f-43f9-11bc-08da0fe1eeb9/analyses/test_CLI_run_v3_requeue_2023Oct02_18_42_12_677105-DRAGEN_Germline_BIMC_Clone-5c5f2aaf-a36d-4449-86ba-7643271eae7c-logs/raw_events.log"}
{"file":"/ces/scheduler/run/b7c1fece-59e9-44c4-b607-d39afab762ba/data/.ica/user/work/e8/17881f6ca4e1cc38be7ac4b0f5cbb5/.command.err","level":"info","msg":"uploading file from queue","time":"2023-10-02T21:24:00Z"}
{"level":"info","msg":"upload attempt: #0","time":"2023-10-02T21:24:00Z"}
{"file":"/ces/scheduler/run/b7c1fece-59e9-44c4-b607-d39afab762ba/data/.ica/user/work/e8/17881f6ca4e1cc38be7ac4b0f5cbb5/.command.err","level":"info","msg":"started uploading file","time":"2023-10-02T21:24:00Z"}
{"level":"info","msg":"queued file for upload","path":"/ces/scheduler/run/b7c1fece-59e9-44c4-b607-d39afab762ba/data/.ica/user/work/e8/17881f6ca4e1cc38be7ac4b0f5cbb5/.command.out","time":"2023-10-02T21:24:00Z"}
{"file":"/ces/scheduler/run/b7c1fece-59e9-44c4-b607-d39afab762ba/data/.ica/user/raw-engine-logs/.nextflow.log","level":"info","msg":"finished uploading file","time":"2023-10-02T21:24:00Z","total_time":480,"upload_to":"/6bd90a4d-878f-43f9-11bc-08da0fe1eeb9/analyses/test_CLI_run_v3_requeue_2023Oct02_18_42_12_677105-DRAGEN_Germline_BIMC_Clone-5c5f2aaf-a36d-4449-86ba-7643271eae7c-logs/raw-engine-logs/.nextflow.log"}
{"file":"/ces/scheduler/run/b7c1fece-59e9-44c4-b607-d39afab762ba/data/.ica/user/work/e8/17881f6ca4e1cc38be7ac4b0f5cbb5/.command.out","level":"info","msg":"uploading file from queue","time":"2023-10-02T21:24:00Z"}
{"level":"info","msg":"upload attempt: #0","time":"2023-10-02T21:24:00Z"}
{"file":"/ces/scheduler/run/b7c1fece-59e9-44c4-b607-d39afab762ba/data/.ica/user/work/e8/17881f6ca4e1cc38be7ac4b0f5cbb5/.command.out","level":"info","msg":"started uploading file","time":"2023-10-02T21:24:00Z"}
{"file":"/ces/scheduler/run/b7c1fece-59e9-44c4-b607-d39afab762ba/data/.ica/user/trace-report.txt","level":"info","msg":"finished uploading file","time":"2023-10-02T21:24:00Z","total_time":951,"upload_to":"/6bd90a4d-878f-43f9-11bc-08da0fe1eeb9/analyses/test_CLI_run_v3_requeue_2023Oct02_18_42_12_677105-DRAGEN_Germline_BIMC_Clone-5c5f2aaf-a36d-4449-86ba-7643271eae7c-logs/trace-report.txt"}
{"file":"/ces/scheduler/run/b7c1fece-59e9-44c4-b607-d39afab762ba/data/.ica/user/timeline-report.html","level":"info","msg":"finished uploading file","time":"2023-10-02T21:24:00Z","total_time":730,"upload_to":"/6bd90a4d-878f-43f9-11bc-08da0fe1eeb9/analyses/test_CLI_run_v3_requeue_2023Oct02_18_42_12_677105-DRAGEN_Germline_BIMC_Clone-5c5f2aaf-a36d-4449-86ba-7643271eae7c-logs/timeline-report.html"}
{"file":"/ces/scheduler/run/b7c1fece-59e9-44c4-b607-d39afab762ba/data/.ica/user/raw-engine-logs/.nextflow/cache/6ef042fb-bb4d-4641-a034-844746b7bf6b/db/MANIFEST-000002","level":"info","msg":"finished uploading file","time":"2023-10-02T21:24:00Z","total_time":580,"upload_to":"/6bd90a4d-878f-43f9-11bc-08da0fe1eeb9/analyses/test_CLI_run_v3_requeue_2023Oct02_18_42_12_677105-DRAGEN_Germline_BIMC_Clone-5c5f2aaf-a36d-4449-86ba-7643271eae7c-logs/raw-engine-logs/.nextflow/cache/6ef042fb-bb4d-4641-a034-844746b7bf6b/db/MANIFEST-000002"}
{"file":"/ces/scheduler/run/b7c1fece-59e9-44c4-b607-d39afab762ba/data/.ica/user/podevents.db","level":"info","msg":"finished uploading file","time":"2023-10-02T21:24:00Z","total_time":1290,"upload_to":"/6bd90a4d-878f-43f9-11bc-08da0fe1eeb9/analyses/test_CLI_run_v3_requeue_2023Oct02_18_42_12_677105-DRAGEN_Germline_BIMC_Clone-5c5f2aaf-a36d-4449-86ba-7643271eae7c-logs/podevents.db"}
{"file":"/ces/scheduler/run/b7c1fece-59e9-44c4-b607-d39afab762ba/data/.ica/user/events.db","level":"info","msg":"finished uploading file","time":"2023-10-02T21:24:00Z","total_time":650,"upload_to":"/6bd90a4d-878f-43f9-11bc-08da0fe1eeb9/analyses/test_CLI_run_v3_requeue_2023Oct02_18_42_12_677105-DRAGEN_Germline_BIMC_Clone-5c5f2aaf-a36d-4449-86ba-7643271eae7c-logs/events.db"}
{"file":"/ces/scheduler/run/b7c1fece-59e9-44c4-b607-d39afab762ba/data/.ica/user/work/e8/17881f6ca4e1cc38be7ac4b0f5cbb5/.command.out","level":"info","msg":"finished uploading file","time":"2023-10-02T21:24:00Z","total_time":900,"upload_to":"/6bd90a4d-878f-43f9-11bc-08da0fe1eeb9/analyses/test_CLI_run_v3_requeue_2023Oct02_18_42_12_677105-DRAGEN_Germline_BIMC_Clone-5c5f2aaf-a36d-4449-86ba-7643271eae7c-logs/work/e8/17881f6ca4e1cc38be7ac4b0f5cbb5/.command.out"}
{"file":"/ces/scheduler/run/b7c1fece-59e9-44c4-b607-d39afab762ba/data/.ica/user/work/e8/17881f6ca4e1cc38be7ac4b0f5cbb5/.command.err","level":"info","msg":"finished uploading file","time":"2023-10-02T21:24:00Z","total_time":1030,"upload_to":"/6bd90a4d-878f-43f9-11bc-08da0fe1eeb9/analyses/test_CLI_run_v3_requeue_2023Oct02_18_42_12_677105-DRAGEN_Germline_BIMC_Clone-5c5f2aaf-a36d-4449-86ba-7643271eae7c-logs/work/e8/17881f6ca4e1cc38be7ac4b0f5cbb5/.command.err"}
{"file":"/ces/scheduler/run/b7c1fece-59e9-44c4-b607-d39afab762ba/data/.ica/user/raw-engine-logs/.nextflow/history","level":"info","msg":"finished uploading file","time":"2023-10-02T21:24:00Z","total_time":560,"upload_to":"/6bd90a4d-878f-43f9-11bc-08da0fe1eeb9/analyses/test_CLI_run_v3_requeue_2023Oct02_18_42_12_677105-DRAGEN_Germline_BIMC_Clone-5c5f2aaf-a36d-4449-86ba-7643271eae7c-logs/raw-engine-logs/.nextflow/history"}
{"file":"/ces/scheduler/run/b7c1fece-59e9-44c4-b607-d39afab762ba/data/.ica/user/metrics.db","level":"info","msg":"finished uploading file","time":"2023-10-02T21:24:00Z","total_time":550,"upload_to":"/6bd90a4d-878f-43f9-11bc-08da0fe1eeb9/analyses/test_CLI_run_v3_requeue_2023Oct02_18_42_12_677105-DRAGEN_Germline_BIMC_Clone-5c5f2aaf-a36d-4449-86ba-7643271eae7c-logs/metrics.db"}
{"file":"/ces/scheduler/run/b7c1fece-59e9-44c4-b607-d39afab762ba/data/.ica/user/execution-report.html","level":"info","msg":"finished uploading file","time":"2023-10-02T21:24:00Z","total_time":960,"upload_to":"/6bd90a4d-878f-43f9-11bc-08da0fe1eeb9/analyses/test_CLI_run_v3_requeue_2023Oct02_18_42_12_677105-DRAGEN_Germline_BIMC_Clone-5c5f2aaf-a36d-4449-86ba-7643271eae7c-logs/execution-report.html"}
{"level":"info","msg":"all done","time":"2023-10-02T21:24:00Z","total_time":29373017605}
